[debug] [2021-09-14T10:24:04.979Z] ----------------------------------------------------------------------
[debug] [2021-09-14T10:24:04.982Z] Command:       /usr/local/bin/node /usr/local/bin/firebase deploy
[debug] [2021-09-14T10:24:04.982Z] CLI Version:   9.16.6
[debug] [2021-09-14T10:24:04.982Z] Platform:      darwin
[debug] [2021-09-14T10:24:04.983Z] Node Version:  v14.15.0
[debug] [2021-09-14T10:24:04.992Z] Time:          Tue Sep 14 2021 15:54:04 GMT+0530 (India Standard Time)
[debug] [2021-09-14T10:24:04.993Z] ----------------------------------------------------------------------
[debug] 
[debug] [2021-09-14T10:24:05.111Z] > command requires scopes: ["email","openid","https://www.googleapis.com/auth/cloudplatformprojects.readonly","https://www.googleapis.com/auth/firebase","https://www.googleapis.com/auth/cloud-platform"]
[debug] [2021-09-14T10:24:05.112Z] > authorizing via signed-in user (futurelenss@gmail.com)
[debug] [2021-09-14T10:24:05.112Z] [iam] checking project co-next for permissions ["cloudfunctions.functions.create","cloudfunctions.functions.delete","cloudfunctions.functions.get","cloudfunctions.functions.list","cloudfunctions.functions.update","cloudfunctions.operations.get","firebase.projects.get","firebasehosting.sites.update"]
[debug] [2021-09-14T10:24:05.116Z] > refreshing access token with scopes: ["email","https://www.googleapis.com/auth/cloud-platform","https://www.googleapis.com/auth/cloudplatformprojects.readonly","https://www.googleapis.com/auth/firebase","openid"]
[debug] [2021-09-14T10:24:05.116Z] >>> HTTP REQUEST POST https://www.googleapis.com/oauth2/v3/token  
 <request body omitted>
[debug] [2021-09-14T10:24:05.427Z] <<< HTTP RESPONSE 200 {"pragma":"no-cache","expires":"Mon, 01 Jan 1990 00:00:00 GMT","cache-control":"no-cache, no-store, max-age=0, must-revalidate","date":"Tue, 14 Sep 2021 10:24:05 GMT","content-type":"application/json; charset=utf-8","vary":"X-Origin, Referer, Origin,Accept-Encoding","server":"scaffolding on HTTPServer2","x-xss-protection":"0","x-frame-options":"SAMEORIGIN","x-content-type-options":"nosniff","alt-svc":"h3=\":443\"; ma=2592000,h3-29=\":443\"; ma=2592000,h3-T051=\":443\"; ma=2592000,h3-Q050=\":443\"; ma=2592000,h3-Q046=\":443\"; ma=2592000,h3-Q043=\":443\"; ma=2592000,quic=\":443\"; ma=2592000; v=\"46,43\"","accept-ranges":"none","transfer-encoding":"chunked"}
[debug] [2021-09-14T10:24:05.580Z] >>> HTTP REQUEST POST https://cloudresourcemanager.googleapis.com/v1/projects/co-next:testIamPermissions  
 {"permissions":["cloudfunctions.functions.create","cloudfunctions.functions.delete","cloudfunctions.functions.get","cloudfunctions.functions.list","cloudfunctions.functions.update","cloudfunctions.operations.get","firebase.projects.get","firebasehosting.sites.update"]}
[debug] [2021-09-14T10:24:07.133Z] <<< HTTP RESPONSE 200 {"content-type":"application/json; charset=UTF-8","vary":"X-Origin, Referer, Origin,Accept-Encoding","date":"Tue, 14 Sep 2021 10:24:07 GMT","server":"ESF","cache-control":"private","x-xss-protection":"0","x-frame-options":"SAMEORIGIN","x-content-type-options":"nosniff","server-timing":"gfet4t7; dur=1371","alt-svc":"h3=\":443\"; ma=2592000,h3-29=\":443\"; ma=2592000,h3-T051=\":443\"; ma=2592000,h3-Q050=\":443\"; ma=2592000,h3-Q046=\":443\"; ma=2592000,h3-Q043=\":443\"; ma=2592000,quic=\":443\"; ma=2592000; v=\"46,43\"","accept-ranges":"none","transfer-encoding":"chunked"}
[debug] [2021-09-14T10:24:07.134Z] >>> HTTP REQUEST POST https://iam.googleapis.com/v1/projects/co-next/serviceAccounts/co-next@appspot.gserviceaccount.com:testIamPermissions  
 {"permissions":["iam.serviceAccounts.actAs"]}
[debug] [2021-09-14T10:24:08.791Z] <<< HTTP RESPONSE 200 {"content-type":"application/json; charset=UTF-8","vary":"X-Origin, Referer, Origin,Accept-Encoding","date":"Tue, 14 Sep 2021 10:24:08 GMT","server":"ESF","cache-control":"private","x-xss-protection":"0","x-frame-options":"SAMEORIGIN","x-content-type-options":"nosniff","alt-svc":"h3=\":443\"; ma=2592000,h3-29=\":443\"; ma=2592000,h3-T051=\":443\"; ma=2592000,h3-Q050=\":443\"; ma=2592000,h3-Q046=\":443\"; ma=2592000,h3-Q043=\":443\"; ma=2592000,quic=\":443\"; ma=2592000; v=\"46,43\"","accept-ranges":"none","transfer-encoding":"chunked"}
[debug] [2021-09-14T10:24:08.794Z] > refreshing access token with scopes: []
[debug] [2021-09-14T10:24:08.794Z] >>> HTTP REQUEST POST https://www.googleapis.com/oauth2/v3/token  
 <request body omitted>
[debug] [2021-09-14T10:24:09.014Z] <<< HTTP RESPONSE 200 {"pragma":"no-cache","cache-control":"no-cache, no-store, max-age=0, must-revalidate","date":"Tue, 14 Sep 2021 10:24:09 GMT","expires":"Mon, 01 Jan 1990 00:00:00 GMT","content-type":"application/json; charset=utf-8","vary":"X-Origin, Referer, Origin,Accept-Encoding","server":"scaffolding on HTTPServer2","x-xss-protection":"0","x-frame-options":"SAMEORIGIN","x-content-type-options":"nosniff","alt-svc":"h3=\":443\"; ma=2592000,h3-29=\":443\"; ma=2592000,h3-T051=\":443\"; ma=2592000,h3-Q050=\":443\"; ma=2592000,h3-Q046=\":443\"; ma=2592000,h3-Q043=\":443\"; ma=2592000,quic=\":443\"; ma=2592000; v=\"46,43\"","accept-ranges":"none","transfer-encoding":"chunked"}
[debug] [2021-09-14T10:24:09.221Z] >>> [apiv2][query] GET https://firebase.googleapis.com/v1beta1/projects/co-next [none]
[debug] [2021-09-14T10:24:09.749Z] <<< [apiv2][status] GET https://firebase.googleapis.com/v1beta1/projects/co-next 200
[debug] [2021-09-14T10:24:09.749Z] <<< [apiv2][body] GET https://firebase.googleapis.com/v1beta1/projects/co-next {"projectId":"co-next","projectNumber":"751020119455","displayName":"co-next","name":"projects/co-next","resources":{"hostingSite":"co-next"},"state":"ACTIVE"}
[info] 
[info] === Deploying to 'co-next'...
[info] 
[info] i  deploying functions, hosting 
[debug] [2021-09-14T10:24:09.754Z] Validating nodejs source
[debug] [2021-09-14T10:24:13.112Z] > [functions] package.json contents: {
  "name": "firebase-deploy",
  "version": "0.1.0",
  "main": "function.js",
  "private": true,
  "scripts": {
    "dev": "next dev",
    "build": "next build",
    "start": "next start"
  },
  "dependencies": {
    "@ant-design/icons": "^4.6.4",
    "@apollo/client": "^3.4.10",
    "@apollo/react-hooks": "^4.0.0",
    "antd": "^4.16.13",
    "apollo-cache-inmemory": "^1.6.6",
    "apollo-client": "^2.6.10",
    "apollo-link-http": "^1.5.17",
    "firebase-admin": "^9.11.1",
    "firebase-functions": "^3.15.5",
    "graphql": "^15.5.1",
    "graphql-tag": "^2.12.5",
    "isomorphic-unfetch": "^3.1.0",
    "next": "latest",
    "photoswipe": "^4.1.3",
    "react": "^17.0.2",
    "react-dom": "^17.0.2",
    "react-markdown": "^7.0.1",
    "react-photoswipe-gallery": "^1.3.6",
    "remark-gfm": "^2.0.0"
  },
  "devDependencies": {
    "autoprefixer": "^10.3.3",
    "postcss": "^8.3.6",
    "tailwindcss": "^2.2.8"
  }
}
[debug] [2021-09-14T10:24:13.113Z] Building nodejs source
[info] i  functions: ensuring required API cloudfunctions.googleapis.com is enabled... 
[debug] [2021-09-14T10:24:13.114Z] > refreshing access token with scopes: ["email","https://www.googleapis.com/auth/cloud-platform","https://www.googleapis.com/auth/cloudplatformprojects.readonly","https://www.googleapis.com/auth/firebase","openid"]
[debug] [2021-09-14T10:24:13.114Z] >>> HTTP REQUEST POST https://www.googleapis.com/oauth2/v3/token  
 <request body omitted>
[debug] [2021-09-14T10:24:13.115Z] > refreshing access token with scopes: ["email","https://www.googleapis.com/auth/cloud-platform","https://www.googleapis.com/auth/cloudplatformprojects.readonly","https://www.googleapis.com/auth/firebase","openid"]
[debug] [2021-09-14T10:24:13.115Z] >>> HTTP REQUEST POST https://www.googleapis.com/oauth2/v3/token  
 <request body omitted>
[info] i  functions: ensuring required API cloudbuild.googleapis.com is enabled... 
[debug] [2021-09-14T10:24:13.116Z] > refreshing access token with scopes: ["email","https://www.googleapis.com/auth/cloud-platform","https://www.googleapis.com/auth/cloudplatformprojects.readonly","https://www.googleapis.com/auth/firebase","openid"]
[debug] [2021-09-14T10:24:13.116Z] >>> HTTP REQUEST POST https://www.googleapis.com/oauth2/v3/token  
 <request body omitted>
[debug] [2021-09-14T10:24:13.324Z] <<< HTTP RESPONSE 200 {"cache-control":"no-cache, no-store, max-age=0, must-revalidate","pragma":"no-cache","expires":"Mon, 01 Jan 1990 00:00:00 GMT","date":"Tue, 14 Sep 2021 10:24:13 GMT","content-type":"application/json; charset=utf-8","vary":"X-Origin, Referer, Origin,Accept-Encoding","server":"scaffolding on HTTPServer2","x-xss-protection":"0","x-frame-options":"SAMEORIGIN","x-content-type-options":"nosniff","alt-svc":"h3=\":443\"; ma=2592000,h3-29=\":443\"; ma=2592000,h3-T051=\":443\"; ma=2592000,h3-Q050=\":443\"; ma=2592000,h3-Q046=\":443\"; ma=2592000,h3-Q043=\":443\"; ma=2592000,quic=\":443\"; ma=2592000; v=\"46,43\"","accept-ranges":"none","transfer-encoding":"chunked"}
[debug] [2021-09-14T10:24:13.367Z] >>> HTTP REQUEST GET https://serviceusage.googleapis.com/v1/projects/co-next/services/cloudfunctions.googleapis.com  
 
[debug] [2021-09-14T10:24:13.370Z] <<< HTTP RESPONSE 200 {"pragma":"no-cache","expires":"Mon, 01 Jan 1990 00:00:00 GMT","cache-control":"no-cache, no-store, max-age=0, must-revalidate","date":"Tue, 14 Sep 2021 10:24:13 GMT","content-type":"application/json; charset=utf-8","vary":"X-Origin, Referer, Origin,Accept-Encoding","server":"scaffolding on HTTPServer2","x-xss-protection":"0","x-frame-options":"SAMEORIGIN","x-content-type-options":"nosniff","alt-svc":"h3=\":443\"; ma=2592000,h3-29=\":443\"; ma=2592000,h3-T051=\":443\"; ma=2592000,h3-Q050=\":443\"; ma=2592000,h3-Q046=\":443\"; ma=2592000,h3-Q043=\":443\"; ma=2592000,quic=\":443\"; ma=2592000; v=\"46,43\"","accept-ranges":"none","transfer-encoding":"chunked"}
[debug] [2021-09-14T10:24:13.408Z] >>> HTTP REQUEST GET https://serviceusage.googleapis.com/v1/projects/co-next/services/cloudbuild.googleapis.com  
 
[debug] [2021-09-14T10:24:13.410Z] <<< HTTP RESPONSE 200 {"pragma":"no-cache","expires":"Mon, 01 Jan 1990 00:00:00 GMT","date":"Tue, 14 Sep 2021 10:24:13 GMT","cache-control":"no-cache, no-store, max-age=0, must-revalidate","content-type":"application/json; charset=utf-8","vary":"X-Origin, Referer, Origin,Accept-Encoding","server":"scaffolding on HTTPServer2","x-xss-protection":"0","x-frame-options":"SAMEORIGIN","x-content-type-options":"nosniff","alt-svc":"h3=\":443\"; ma=2592000,h3-29=\":443\"; ma=2592000,h3-T051=\":443\"; ma=2592000,h3-Q050=\":443\"; ma=2592000,h3-Q046=\":443\"; ma=2592000,h3-Q043=\":443\"; ma=2592000,quic=\":443\"; ma=2592000; v=\"46,43\"","accept-ranges":"none","transfer-encoding":"chunked"}
[debug] [2021-09-14T10:24:13.451Z] >>> HTTP REQUEST GET https://serviceusage.googleapis.com/v1/projects/co-next/services/runtimeconfig.googleapis.com  
 
[debug] [2021-09-14T10:24:15.289Z] <<< HTTP RESPONSE 200 {"content-type":"application/json; charset=UTF-8","vary":"X-Origin, Referer, Origin,Accept-Encoding","date":"Tue, 14 Sep 2021 10:24:15 GMT","server":"ESF","cache-control":"private","x-xss-protection":"0","x-frame-options":"SAMEORIGIN","x-content-type-options":"nosniff","alt-svc":"h3=\":443\"; ma=2592000,h3-29=\":443\"; ma=2592000,h3-T051=\":443\"; ma=2592000,h3-Q050=\":443\"; ma=2592000,h3-Q046=\":443\"; ma=2592000,h3-Q043=\":443\"; ma=2592000,quic=\":443\"; ma=2592000; v=\"46,43\"","accept-ranges":"none","transfer-encoding":"chunked"}
[info] ✔  functions: required API cloudbuild.googleapis.com is enabled 
[debug] [2021-09-14T10:24:15.292Z] <<< HTTP RESPONSE 200 {"content-type":"application/json; charset=UTF-8","vary":"X-Origin, Referer, Origin,Accept-Encoding","date":"Tue, 14 Sep 2021 10:24:15 GMT","server":"ESF","cache-control":"private","x-xss-protection":"0","x-frame-options":"SAMEORIGIN","x-content-type-options":"nosniff","alt-svc":"h3=\":443\"; ma=2592000,h3-29=\":443\"; ma=2592000,h3-T051=\":443\"; ma=2592000,h3-Q050=\":443\"; ma=2592000,h3-Q046=\":443\"; ma=2592000,h3-Q043=\":443\"; ma=2592000,quic=\":443\"; ma=2592000; v=\"46,43\"","accept-ranges":"none","transfer-encoding":"chunked"}
[debug] [2021-09-14T10:24:15.295Z] <<< HTTP RESPONSE 200 {"content-type":"application/json; charset=UTF-8","vary":"X-Origin, Referer, Origin,Accept-Encoding","date":"Tue, 14 Sep 2021 10:24:15 GMT","server":"ESF","cache-control":"private","x-xss-protection":"0","x-frame-options":"SAMEORIGIN","x-content-type-options":"nosniff","alt-svc":"h3=\":443\"; ma=2592000,h3-29=\":443\"; ma=2592000,h3-T051=\":443\"; ma=2592000,h3-Q050=\":443\"; ma=2592000,h3-Q046=\":443\"; ma=2592000,h3-Q043=\":443\"; ma=2592000,quic=\":443\"; ma=2592000; v=\"46,43\"","accept-ranges":"none","transfer-encoding":"chunked"}
[info] ✔  functions: required API cloudfunctions.googleapis.com is enabled 
[debug] [2021-09-14T10:24:15.296Z] >>> HTTP REQUEST GET https://firebase.googleapis.com/v1beta1/projects/co-next/adminSdkConfig  
 
[debug] [2021-09-14T10:24:15.917Z] <<< HTTP RESPONSE 200 {"content-type":"application/json; charset=UTF-8","vary":"X-Origin, Referer, Origin,Accept-Encoding","date":"Tue, 14 Sep 2021 10:24:16 GMT","server":"ESF","cache-control":"private","x-xss-protection":"0","x-frame-options":"SAMEORIGIN","x-content-type-options":"nosniff","alt-svc":"h3=\":443\"; ma=2592000,h3-29=\":443\"; ma=2592000,h3-T051=\":443\"; ma=2592000,h3-Q050=\":443\"; ma=2592000,h3-Q046=\":443\"; ma=2592000,h3-Q043=\":443\"; ma=2592000,quic=\":443\"; ma=2592000; v=\"46,43\"","accept-ranges":"none","transfer-encoding":"chunked"}
[debug] [2021-09-14T10:24:15.919Z] >>> HTTP REQUEST GET https://runtimeconfig.googleapis.com/v1beta1/projects/co-next/configs  
 
[debug] [2021-09-14T10:24:16.507Z] <<< HTTP RESPONSE 200 {"content-type":"application/json; charset=UTF-8","vary":"X-Origin, Referer, Origin,Accept-Encoding","date":"Tue, 14 Sep 2021 10:24:16 GMT","server":"ESF","cache-control":"private","x-xss-protection":"0","x-frame-options":"SAMEORIGIN","x-content-type-options":"nosniff","alt-svc":"h3=\":443\"; ma=2592000,h3-29=\":443\"; ma=2592000,h3-T051=\":443\"; ma=2592000,h3-Q050=\":443\"; ma=2592000,h3-Q046=\":443\"; ma=2592000,h3-Q043=\":443\"; ma=2592000,quic=\":443\"; ma=2592000; v=\"46,43\"","accept-ranges":"none","transfer-encoding":"chunked"}
[debug] [2021-09-14T10:24:16.513Z] Analyzing nodejs backend spec
[info] i  functions: preparing . directory for uploading... 
[info] i  functions: packaged . (4.88 MB) for uploading 
[debug] [2021-09-14T10:24:18.172Z] >>> HTTP REQUEST GET https://cloudfunctions.googleapis.com/v1/projects/co-next/locations/-/functions  
 
[debug] [2021-09-14T10:24:18.990Z] <<< HTTP RESPONSE 200 {"content-type":"application/json; charset=UTF-8","vary":"X-Origin, Referer, Origin,Accept-Encoding","date":"Tue, 14 Sep 2021 10:24:19 GMT","server":"ESF","cache-control":"private","x-xss-protection":"0","x-frame-options":"SAMEORIGIN","x-content-type-options":"nosniff","alt-svc":"h3=\":443\"; ma=2592000,h3-29=\":443\"; ma=2592000,h3-T051=\":443\"; ma=2592000,h3-Q050=\":443\"; ma=2592000,h3-Q046=\":443\"; ma=2592000,h3-Q043=\":443\"; ma=2592000,quic=\":443\"; ma=2592000; v=\"46,43\"","accept-ranges":"none","transfer-encoding":"chunked"}
[debug] [2021-09-14T10:24:18.997Z] >>> HTTP REQUEST POST https://firebasehosting.googleapis.com/v1beta1/sites/co-next/versions  
 {"config":{"rewrites":[{"glob":"**","function":"nextServer"}]},"labels":{"deployment-tool":"cli-firebase"}}
[debug] [2021-09-14T10:24:21.107Z] <<< HTTP RESPONSE 200 {"content-type":"application/json; charset=UTF-8","vary":"X-Origin, Referer, Origin,Accept-Encoding","date":"Tue, 14 Sep 2021 10:24:21 GMT","server":"ESF","cache-control":"private","x-xss-protection":"0","x-frame-options":"SAMEORIGIN","x-content-type-options":"nosniff","alt-svc":"h3=\":443\"; ma=2592000,h3-29=\":443\"; ma=2592000,h3-T051=\":443\"; ma=2592000,h3-Q050=\":443\"; ma=2592000,h3-Q046=\":443\"; ma=2592000,h3-Q043=\":443\"; ma=2592000,quic=\":443\"; ma=2592000; v=\"46,43\"","accept-ranges":"none","transfer-encoding":"chunked"}
[debug] [2021-09-14T10:24:21.109Z] >>> HTTP REQUEST POST https://cloudfunctions.googleapis.com/v1/projects/co-next/locations/us-central1/functions:generateUploadUrl  
 
[debug] [2021-09-14T10:24:22.050Z] <<< HTTP RESPONSE 200 {"content-type":"application/json; charset=UTF-8","vary":"X-Origin, Referer, Origin,Accept-Encoding","date":"Tue, 14 Sep 2021 10:24:22 GMT","server":"ESF","cache-control":"private","x-xss-protection":"0","x-frame-options":"SAMEORIGIN","x-content-type-options":"nosniff","alt-svc":"h3=\":443\"; ma=2592000,h3-29=\":443\"; ma=2592000,h3-T051=\":443\"; ma=2592000,h3-Q050=\":443\"; ma=2592000,h3-Q046=\":443\"; ma=2592000,h3-Q043=\":443\"; ma=2592000,quic=\":443\"; ma=2592000; v=\"46,43\"","accept-ranges":"none","transfer-encoding":"chunked"}
[debug] [2021-09-14T10:24:22.052Z] >>> HTTP REQUEST PUT https://storage.googleapis.com/gcf-upload-us-central1-77d5cd8c-5752-4260-aaae-674652e7edf9/19080a05-a10e-4466-8505-5a50d1009a69.zip?GoogleAccessId=service-751020119455@gcf-admin-robot.iam.gserviceaccount.com&Expires=1631616862&Signature=kw7p2mlBsOCf4dmH9SwIzLWNj5QTwCC1V8rXisrNX0%2Ftu7Y6CpF4eL0v00gVJaMsvvthjPhlxSwxAyJQewvam0olj%2FG5zx13NZOECIjcpO4K%2Fnf%2BN8uuc5D%2Fw8Uq3DrNfS2JP4rWNRpdXUrEx%2FlfGPD6UPbsVhhYKIRIqzPBhcQ8GdKxDmAz7Vg1UOfxnpyf9TijfuYLgt3abVXNGARVtjLDfnSaY0Mv%2BJgxM2BE8CAH2LAHv1TaG%2FHYMFxkTjkGCYF6RdYcVL6FMxGoDFL05YDweHEfQz%2FGICaVMLktrYFIW9OQGLcGsfRNgvrPnPw%2BvlkEc396Us7LytQHDUfrpg%3D%3D  
 <request body omitted>
[debug] [2021-09-14T10:24:27.968Z] <<< HTTP RESPONSE 200 {"x-guploader-uploadid":"ADPycdsrdx-a69d7a48nlRvtbI8A-bMO8BYIjNrvZusBV23CYGynxMfCaQRlbB90DlFrAZ7L9B7T56eXZF2gh48QR0w","etag":"\"f35ee962893f17f92b4e93310a7c102b\"","x-goog-generation":"1631615067954244","x-goog-metageneration":"1","x-goog-hash":"crc32c=hbangQ==, md5=817pYok/F/krTpMxCnwQKw==","x-goog-stored-content-length":"5120362","x-goog-stored-content-encoding":"identity","vary":"Origin","content-length":"0","date":"Tue, 14 Sep 2021 10:24:28 GMT","server":"UploadServer","content-type":"text/html; charset=UTF-8","alt-svc":"h3=\":443\"; ma=2592000,h3-29=\":443\"; ma=2592000,h3-T051=\":443\"; ma=2592000,h3-Q050=\":443\"; ma=2592000,h3-Q046=\":443\"; ma=2592000,h3-Q043=\":443\"; ma=2592000,quic=\":443\"; ma=2592000; v=\"46,43\""}
[info] ✔  functions: . folder uploaded successfully 
[info] i  hosting[co-next]: beginning deploy... 
[info] i  hosting[co-next]: found 3 files in public 
[debug] [2021-09-14T10:24:27.980Z] > refreshing access token with scopes: []
[debug] [2021-09-14T10:24:27.981Z] >>> HTTP REQUEST POST https://www.googleapis.com/oauth2/v3/token  
 <request body omitted>
[debug] [2021-09-14T10:24:27.982Z] [hosting] hash cache [cHVibGlj] stored for 3 files
[debug] [2021-09-14T10:24:27.983Z] [hosting][hash queue][FINAL] {"max":1,"min":0,"avg":0,"active":0,"complete":3,"success":3,"errored":0,"retried":0,"total":3,"elapsed":4}
[debug] [2021-09-14T10:24:28.181Z] <<< HTTP RESPONSE 200 {"expires":"Mon, 01 Jan 1990 00:00:00 GMT","date":"Tue, 14 Sep 2021 10:24:28 GMT","cache-control":"no-cache, no-store, max-age=0, must-revalidate","pragma":"no-cache","content-type":"application/json; charset=utf-8","vary":"X-Origin, Referer, Origin,Accept-Encoding","server":"scaffolding on HTTPServer2","x-xss-protection":"0","x-frame-options":"SAMEORIGIN","x-content-type-options":"nosniff","alt-svc":"h3=\":443\"; ma=2592000,h3-29=\":443\"; ma=2592000,h3-T051=\":443\"; ma=2592000,h3-Q050=\":443\"; ma=2592000,h3-Q046=\":443\"; ma=2592000,h3-Q043=\":443\"; ma=2592000,quic=\":443\"; ma=2592000; v=\"46,43\"","accept-ranges":"none","transfer-encoding":"chunked"}
[debug] [2021-09-14T10:24:28.225Z] >>> [apiv2][query] POST https://firebasehosting.googleapis.com/v1beta1/sites/co-next/versions/fdfccd7305b82306:populateFiles [none]
[debug] [2021-09-14T10:24:28.225Z] >>> [apiv2][body] POST https://firebasehosting.googleapis.com/v1beta1/sites/co-next/versions/fdfccd7305b82306:populateFiles {"files":{"/404.html":"05cbc6f94d7a69ce2e29646eab13be2c884e61ba93e3094df5028866876d18b3","/favicon.ico":"8d129ad1ee34dc820654f01f63d4b816e632752e1d9a81d0672433c318036c1f","/vercel.svg":"52e0371390cc99e009fdfa1f1c9559010afed60b86f5caaf036bf9bc14ab2501"}}
[debug] [2021-09-14T10:24:30.031Z] <<< [apiv2][status] POST https://firebasehosting.googleapis.com/v1beta1/sites/co-next/versions/fdfccd7305b82306:populateFiles 200
[debug] [2021-09-14T10:24:30.031Z] <<< [apiv2][body] POST https://firebasehosting.googleapis.com/v1beta1/sites/co-next/versions/fdfccd7305b82306:populateFiles {"uploadUrl":"https://upload-firebasehosting.googleapis.com/upload/sites/co-next/versions/fdfccd7305b82306/files"}
[debug] [2021-09-14T10:24:30.031Z] [hosting][populate queue][FINAL] {"max":2051,"min":2051,"avg":2051,"active":0,"complete":1,"success":1,"errored":0,"retried":0,"total":1,"elapsed":2051}
[debug] [2021-09-14T10:24:30.031Z] [hosting] uploads queued: 0
[debug] [2021-09-14T10:24:30.032Z] [hosting][upload queue][FINAL] {"max":0,"min":9999999999,"avg":0,"active":0,"complete":0,"success":0,"errored":0,"retried":0,"total":0,"elapsed":1631615070032}
[info] ✔  hosting[co-next]: file upload complete 
[debug] [2021-09-14T10:24:30.032Z] [hosting] deploy completed after 2062ms
[info] i  functions: updating Node.js 14 function nextServer(us-central1)... 
[debug] [2021-09-14T10:24:30.036Z] > refreshing access token with scopes: ["email","https://www.googleapis.com/auth/cloud-platform","https://www.googleapis.com/auth/cloudplatformprojects.readonly","https://www.googleapis.com/auth/firebase","openid"]
[debug] [2021-09-14T10:24:30.037Z] >>> HTTP REQUEST POST https://www.googleapis.com/oauth2/v3/token  
 <request body omitted>
[debug] [2021-09-14T10:24:30.247Z] <<< HTTP RESPONSE 200 {"expires":"Mon, 01 Jan 1990 00:00:00 GMT","cache-control":"no-cache, no-store, max-age=0, must-revalidate","pragma":"no-cache","date":"Tue, 14 Sep 2021 10:24:30 GMT","content-type":"application/json; charset=utf-8","vary":"X-Origin, Referer, Origin,Accept-Encoding","server":"scaffolding on HTTPServer2","x-xss-protection":"0","x-frame-options":"SAMEORIGIN","x-content-type-options":"nosniff","alt-svc":"h3=\":443\"; ma=2592000,h3-29=\":443\"; ma=2592000,h3-T051=\":443\"; ma=2592000,h3-Q050=\":443\"; ma=2592000,h3-Q046=\":443\"; ma=2592000,h3-Q043=\":443\"; ma=2592000,quic=\":443\"; ma=2592000; v=\"46,43\"","accept-ranges":"none","transfer-encoding":"chunked"}
[debug] [2021-09-14T10:24:30.288Z] >>> HTTP REQUEST PATCH https://cloudfunctions.googleapis.com/v1/projects/co-next/locations/us-central1/functions/nextServer {"updateMask":"name,sourceUploadUrl,entryPoint,runtime,httpsTrigger.securityLevel,labels,environmentVariables"} 
 {"name":"projects/co-next/locations/us-central1/functions/nextServer","sourceUploadUrl":"https://storage.googleapis.com/gcf-upload-us-central1-77d5cd8c-5752-4260-aaae-674652e7edf9/19080a05-a10e-4466-8505-5a50d1009a69.zip?GoogleAccessId=service-751020119455@gcf-admin-robot.iam.gserviceaccount.com&Expires=1631616862&Signature=kw7p2mlBsOCf4dmH9SwIzLWNj5QTwCC1V8rXisrNX0%2Ftu7Y6CpF4eL0v00gVJaMsvvthjPhlxSwxAyJQewvam0olj%2FG5zx13NZOECIjcpO4K%2Fnf%2BN8uuc5D%2Fw8Uq3DrNfS2JP4rWNRpdXUrEx%2FlfGPD6UPbsVhhYKIRIqzPBhcQ8GdKxDmAz7Vg1UOfxnpyf9TijfuYLgt3abVXNGARVtjLDfnSaY0Mv%2BJgxM2BE8CAH2LAHv1TaG%2FHYMFxkTjkGCYF6RdYcVL6FMxGoDFL05YDweHEfQz%2FGICaVMLktrYFIW9OQGLcGsfRNgvrPnPw%2BvlkEc396Us7LytQHDUfrpg%3D%3D","entryPoint":"nextServer","runtime":"nodejs14","httpsTrigger":{"securityLevel":"SECURE_OPTIONAL"},"labels":{"deployment-tool":"cli-firebase"},"environmentVariables":{"FIREBASE_CONFIG":"{\"projectId\":\"co-next\",\"storageBucket\":\"co-next.appspot.com\"}","GCLOUD_PROJECT":"co-next"}}
[debug] [2021-09-14T10:24:31.144Z] <<< HTTP RESPONSE 200 {"content-type":"application/json; charset=UTF-8","vary":"X-Origin, Referer, Origin,Accept-Encoding","date":"Tue, 14 Sep 2021 10:24:31 GMT","server":"ESF","cache-control":"private","x-xss-protection":"0","x-frame-options":"SAMEORIGIN","x-content-type-options":"nosniff","alt-svc":"h3=\":443\"; ma=2592000,h3-29=\":443\"; ma=2592000,h3-T051=\":443\"; ma=2592000,h3-Q050=\":443\"; ma=2592000,h3-Q046=\":443\"; ma=2592000,h3-Q043=\":443\"; ma=2592000,quic=\":443\"; ma=2592000; v=\"46,43\"","accept-ranges":"none","transfer-encoding":"chunked"}
[debug] [2021-09-14T10:24:31.145Z] > refreshing access token with scopes: []
[debug] [2021-09-14T10:24:31.146Z] >>> HTTP REQUEST POST https://www.googleapis.com/oauth2/v3/token  
 <request body omitted>
[debug] [2021-09-14T10:24:31.357Z] <<< HTTP RESPONSE 200 {"pragma":"no-cache","date":"Tue, 14 Sep 2021 10:24:31 GMT","cache-control":"no-cache, no-store, max-age=0, must-revalidate","expires":"Mon, 01 Jan 1990 00:00:00 GMT","content-type":"application/json; charset=utf-8","vary":"X-Origin, Referer, Origin,Accept-Encoding","server":"scaffolding on HTTPServer2","x-xss-protection":"0","x-frame-options":"SAMEORIGIN","x-content-type-options":"nosniff","alt-svc":"h3=\":443\"; ma=2592000,h3-29=\":443\"; ma=2592000,h3-T051=\":443\"; ma=2592000,h3-Q050=\":443\"; ma=2592000,h3-Q046=\":443\"; ma=2592000,h3-Q043=\":443\"; ma=2592000,quic=\":443\"; ma=2592000; v=\"46,43\"","accept-ranges":"none","transfer-encoding":"chunked"}
[debug] [2021-09-14T10:24:31.408Z] >>> [apiv2][query] GET https://cloudfunctions.googleapis.com/v1/operations/Y28tbmV4dC91cy1jZW50cmFsMS9uZXh0U2VydmVyL3lXZU44Q3dIQ3ZJ [none]
[debug] [2021-09-14T10:24:31.964Z] <<< [apiv2][status] GET https://cloudfunctions.googleapis.com/v1/operations/Y28tbmV4dC91cy1jZW50cmFsMS9uZXh0U2VydmVyL3lXZU44Q3dIQ3ZJ 200
[debug] [2021-09-14T10:24:31.965Z] <<< [apiv2][body] GET https://cloudfunctions.googleapis.com/v1/operations/Y28tbmV4dC91cy1jZW50cmFsMS9uZXh0U2VydmVyL3lXZU44Q3dIQ3ZJ {"name":"operations/Y28tbmV4dC91cy1jZW50cmFsMS9uZXh0U2VydmVyL3lXZU44Q3dIQ3ZJ","metadata":{"@type":"type.googleapis.com/google.cloud.functions.v1.OperationMetadataV1","target":"projects/co-next/locations/us-central1/functions/nextServer","type":"UPDATE_FUNCTION","request":{"@type":"type.googleapis.com/google.cloud.functions.v1.CloudFunction","name":"projects/co-next/locations/us-central1/functions/nextServer","httpsTrigger":{"url":"https://us-central1-co-next.cloudfunctions.net/nextServer","securityLevel":"SECURE_OPTIONAL"},"status":"ACTIVE","entryPoint":"nextServer","timeout":"60s","availableMemoryMb":256,"serviceAccountEmail":"co-next@appspot.gserviceaccount.com","updateTime":"2021-09-14T06:11:59.940Z","versionId":"12","labels":{"deployment-tool":"cli-firebase"},"sourceUploadUrl":"https://storage.googleapis.com/gcf-upload-us-central1-77d5cd8c-5752-4260-aaae-674652e7edf9/19080a05-a10e-4466-8505-5a50d1009a69.zip?GoogleAccessId=service-751020119455@gcf-admin-robot.iam.gserviceaccount.com&Expires=1631616862&Signature=kw7p2mlBsOCf4dmH9SwIzLWNj5QTwCC1V8rXisrNX0%2Ftu7Y6CpF4eL0v00gVJaMsvvthjPhlxSwxAyJQewvam0olj%2FG5zx13NZOECIjcpO4K%2Fnf%2BN8uuc5D%2Fw8Uq3DrNfS2JP4rWNRpdXUrEx%2FlfGPD6UPbsVhhYKIRIqzPBhcQ8GdKxDmAz7Vg1UOfxnpyf9TijfuYLgt3abVXNGARVtjLDfnSaY0Mv%2BJgxM2BE8CAH2LAHv1TaG%2FHYMFxkTjkGCYF6RdYcVL6FMxGoDFL05YDweHEfQz%2FGICaVMLktrYFIW9OQGLcGsfRNgvrPnPw%2BvlkEc396Us7LytQHDUfrpg%3D%3D","environmentVariables":{"FIREBASE_CONFIG":"{\"projectId\":\"co-next\",\"storageBucket\":\"co-next.appspot.com\"}","GCLOUD_PROJECT":"co-next"},"runtime":"nodejs14","ingressSettings":"ALLOW_ALL","buildId":"6fdc7515-24f0-4a4a-817e-620cb5eb66d8","buildName":"projects/751020119455/locations/us-central1/builds/6fdc7515-24f0-4a4a-817e-620cb5eb66d8"},"versionId":"13","updateTime":"2021-09-14T10:24:31Z","buildName":"projects/751020119455/locations/us-central1/builds/6fdc7515-24f0-4a4a-817e-620cb5eb66d8"}}
[debug] [2021-09-14T10:24:32.469Z] [update-projects/co-next/locations/us-central1/functions/nextServer] Retrying task index 0
[debug] [2021-09-14T10:24:32.470Z] >>> [apiv2][query] GET https://cloudfunctions.googleapis.com/v1/operations/Y28tbmV4dC91cy1jZW50cmFsMS9uZXh0U2VydmVyL3lXZU44Q3dIQ3ZJ [none]
[debug] [2021-09-14T10:24:33.058Z] <<< [apiv2][status] GET https://cloudfunctions.googleapis.com/v1/operations/Y28tbmV4dC91cy1jZW50cmFsMS9uZXh0U2VydmVyL3lXZU44Q3dIQ3ZJ 200
[debug] [2021-09-14T10:24:33.058Z] <<< [apiv2][body] GET https://cloudfunctions.googleapis.com/v1/operations/Y28tbmV4dC91cy1jZW50cmFsMS9uZXh0U2VydmVyL3lXZU44Q3dIQ3ZJ {"name":"operations/Y28tbmV4dC91cy1jZW50cmFsMS9uZXh0U2VydmVyL3lXZU44Q3dIQ3ZJ","metadata":{"@type":"type.googleapis.com/google.cloud.functions.v1.OperationMetadataV1","target":"projects/co-next/locations/us-central1/functions/nextServer","type":"UPDATE_FUNCTION","request":{"@type":"type.googleapis.com/google.cloud.functions.v1.CloudFunction","name":"projects/co-next/locations/us-central1/functions/nextServer","httpsTrigger":{"url":"https://us-central1-co-next.cloudfunctions.net/nextServer","securityLevel":"SECURE_OPTIONAL"},"status":"ACTIVE","entryPoint":"nextServer","timeout":"60s","availableMemoryMb":256,"serviceAccountEmail":"co-next@appspot.gserviceaccount.com","updateTime":"2021-09-14T06:11:59.940Z","versionId":"12","labels":{"deployment-tool":"cli-firebase"},"sourceUploadUrl":"https://storage.googleapis.com/gcf-upload-us-central1-77d5cd8c-5752-4260-aaae-674652e7edf9/19080a05-a10e-4466-8505-5a50d1009a69.zip?GoogleAccessId=service-751020119455@gcf-admin-robot.iam.gserviceaccount.com&Expires=1631616862&Signature=kw7p2mlBsOCf4dmH9SwIzLWNj5QTwCC1V8rXisrNX0%2Ftu7Y6CpF4eL0v00gVJaMsvvthjPhlxSwxAyJQewvam0olj%2FG5zx13NZOECIjcpO4K%2Fnf%2BN8uuc5D%2Fw8Uq3DrNfS2JP4rWNRpdXUrEx%2FlfGPD6UPbsVhhYKIRIqzPBhcQ8GdKxDmAz7Vg1UOfxnpyf9TijfuYLgt3abVXNGARVtjLDfnSaY0Mv%2BJgxM2BE8CAH2LAHv1TaG%2FHYMFxkTjkGCYF6RdYcVL6FMxGoDFL05YDweHEfQz%2FGICaVMLktrYFIW9OQGLcGsfRNgvrPnPw%2BvlkEc396Us7LytQHDUfrpg%3D%3D","environmentVariables":{"FIREBASE_CONFIG":"{\"projectId\":\"co-next\",\"storageBucket\":\"co-next.appspot.com\"}","GCLOUD_PROJECT":"co-next"},"runtime":"nodejs14","ingressSettings":"ALLOW_ALL","buildId":"6fdc7515-24f0-4a4a-817e-620cb5eb66d8","buildName":"projects/751020119455/locations/us-central1/builds/6fdc7515-24f0-4a4a-817e-620cb5eb66d8"},"versionId":"13","updateTime":"2021-09-14T10:24:31Z","buildId":"5a351db3-1384-4d81-944b-d7c16bd2f894","buildName":"projects/751020119455/locations/us-central1/builds/5a351db3-1384-4d81-944b-d7c16bd2f894"}}
[debug] [2021-09-14T10:24:34.061Z] [update-projects/co-next/locations/us-central1/functions/nextServer] Retrying task index 0
[debug] [2021-09-14T10:24:34.062Z] >>> [apiv2][query] GET https://cloudfunctions.googleapis.com/v1/operations/Y28tbmV4dC91cy1jZW50cmFsMS9uZXh0U2VydmVyL3lXZU44Q3dIQ3ZJ [none]
[debug] [2021-09-14T10:24:34.648Z] <<< [apiv2][status] GET https://cloudfunctions.googleapis.com/v1/operations/Y28tbmV4dC91cy1jZW50cmFsMS9uZXh0U2VydmVyL3lXZU44Q3dIQ3ZJ 200
[debug] [2021-09-14T10:24:34.648Z] <<< [apiv2][body] GET https://cloudfunctions.googleapis.com/v1/operations/Y28tbmV4dC91cy1jZW50cmFsMS9uZXh0U2VydmVyL3lXZU44Q3dIQ3ZJ {"name":"operations/Y28tbmV4dC91cy1jZW50cmFsMS9uZXh0U2VydmVyL3lXZU44Q3dIQ3ZJ","metadata":{"@type":"type.googleapis.com/google.cloud.functions.v1.OperationMetadataV1","target":"projects/co-next/locations/us-central1/functions/nextServer","type":"UPDATE_FUNCTION","request":{"@type":"type.googleapis.com/google.cloud.functions.v1.CloudFunction","name":"projects/co-next/locations/us-central1/functions/nextServer","httpsTrigger":{"url":"https://us-central1-co-next.cloudfunctions.net/nextServer","securityLevel":"SECURE_OPTIONAL"},"status":"ACTIVE","entryPoint":"nextServer","timeout":"60s","availableMemoryMb":256,"serviceAccountEmail":"co-next@appspot.gserviceaccount.com","updateTime":"2021-09-14T06:11:59.940Z","versionId":"12","labels":{"deployment-tool":"cli-firebase"},"sourceUploadUrl":"https://storage.googleapis.com/gcf-upload-us-central1-77d5cd8c-5752-4260-aaae-674652e7edf9/19080a05-a10e-4466-8505-5a50d1009a69.zip?GoogleAccessId=service-751020119455@gcf-admin-robot.iam.gserviceaccount.com&Expires=1631616862&Signature=kw7p2mlBsOCf4dmH9SwIzLWNj5QTwCC1V8rXisrNX0%2Ftu7Y6CpF4eL0v00gVJaMsvvthjPhlxSwxAyJQewvam0olj%2FG5zx13NZOECIjcpO4K%2Fnf%2BN8uuc5D%2Fw8Uq3DrNfS2JP4rWNRpdXUrEx%2FlfGPD6UPbsVhhYKIRIqzPBhcQ8GdKxDmAz7Vg1UOfxnpyf9TijfuYLgt3abVXNGARVtjLDfnSaY0Mv%2BJgxM2BE8CAH2LAHv1TaG%2FHYMFxkTjkGCYF6RdYcVL6FMxGoDFL05YDweHEfQz%2FGICaVMLktrYFIW9OQGLcGsfRNgvrPnPw%2BvlkEc396Us7LytQHDUfrpg%3D%3D","environmentVariables":{"FIREBASE_CONFIG":"{\"projectId\":\"co-next\",\"storageBucket\":\"co-next.appspot.com\"}","GCLOUD_PROJECT":"co-next"},"runtime":"nodejs14","ingressSettings":"ALLOW_ALL","buildId":"6fdc7515-24f0-4a4a-817e-620cb5eb66d8","buildName":"projects/751020119455/locations/us-central1/builds/6fdc7515-24f0-4a4a-817e-620cb5eb66d8"},"versionId":"13","updateTime":"2021-09-14T10:24:31Z","buildId":"5a351db3-1384-4d81-944b-d7c16bd2f894","buildName":"projects/751020119455/locations/us-central1/builds/5a351db3-1384-4d81-944b-d7c16bd2f894"}}
[debug] [2021-09-14T10:24:36.654Z] [update-projects/co-next/locations/us-central1/functions/nextServer] Retrying task index 0
[debug] [2021-09-14T10:24:36.654Z] >>> [apiv2][query] GET https://cloudfunctions.googleapis.com/v1/operations/Y28tbmV4dC91cy1jZW50cmFsMS9uZXh0U2VydmVyL3lXZU44Q3dIQ3ZJ [none]
[debug] [2021-09-14T10:24:37.197Z] <<< [apiv2][status] GET https://cloudfunctions.googleapis.com/v1/operations/Y28tbmV4dC91cy1jZW50cmFsMS9uZXh0U2VydmVyL3lXZU44Q3dIQ3ZJ 200
[debug] [2021-09-14T10:24:37.197Z] <<< [apiv2][body] GET https://cloudfunctions.googleapis.com/v1/operations/Y28tbmV4dC91cy1jZW50cmFsMS9uZXh0U2VydmVyL3lXZU44Q3dIQ3ZJ {"name":"operations/Y28tbmV4dC91cy1jZW50cmFsMS9uZXh0U2VydmVyL3lXZU44Q3dIQ3ZJ","metadata":{"@type":"type.googleapis.com/google.cloud.functions.v1.OperationMetadataV1","target":"projects/co-next/locations/us-central1/functions/nextServer","type":"UPDATE_FUNCTION","request":{"@type":"type.googleapis.com/google.cloud.functions.v1.CloudFunction","name":"projects/co-next/locations/us-central1/functions/nextServer","httpsTrigger":{"url":"https://us-central1-co-next.cloudfunctions.net/nextServer","securityLevel":"SECURE_OPTIONAL"},"status":"ACTIVE","entryPoint":"nextServer","timeout":"60s","availableMemoryMb":256,"serviceAccountEmail":"co-next@appspot.gserviceaccount.com","updateTime":"2021-09-14T06:11:59.940Z","versionId":"12","labels":{"deployment-tool":"cli-firebase"},"sourceUploadUrl":"https://storage.googleapis.com/gcf-upload-us-central1-77d5cd8c-5752-4260-aaae-674652e7edf9/19080a05-a10e-4466-8505-5a50d1009a69.zip?GoogleAccessId=service-751020119455@gcf-admin-robot.iam.gserviceaccount.com&Expires=1631616862&Signature=kw7p2mlBsOCf4dmH9SwIzLWNj5QTwCC1V8rXisrNX0%2Ftu7Y6CpF4eL0v00gVJaMsvvthjPhlxSwxAyJQewvam0olj%2FG5zx13NZOECIjcpO4K%2Fnf%2BN8uuc5D%2Fw8Uq3DrNfS2JP4rWNRpdXUrEx%2FlfGPD6UPbsVhhYKIRIqzPBhcQ8GdKxDmAz7Vg1UOfxnpyf9TijfuYLgt3abVXNGARVtjLDfnSaY0Mv%2BJgxM2BE8CAH2LAHv1TaG%2FHYMFxkTjkGCYF6RdYcVL6FMxGoDFL05YDweHEfQz%2FGICaVMLktrYFIW9OQGLcGsfRNgvrPnPw%2BvlkEc396Us7LytQHDUfrpg%3D%3D","environmentVariables":{"FIREBASE_CONFIG":"{\"projectId\":\"co-next\",\"storageBucket\":\"co-next.appspot.com\"}","GCLOUD_PROJECT":"co-next"},"runtime":"nodejs14","ingressSettings":"ALLOW_ALL","buildId":"6fdc7515-24f0-4a4a-817e-620cb5eb66d8","buildName":"projects/751020119455/locations/us-central1/builds/6fdc7515-24f0-4a4a-817e-620cb5eb66d8"},"versionId":"13","updateTime":"2021-09-14T10:24:31Z","buildId":"5a351db3-1384-4d81-944b-d7c16bd2f894","buildName":"projects/751020119455/locations/us-central1/builds/5a351db3-1384-4d81-944b-d7c16bd2f894"}}
[debug] [2021-09-14T10:24:41.203Z] [update-projects/co-next/locations/us-central1/functions/nextServer] Retrying task index 0
[debug] [2021-09-14T10:24:41.203Z] >>> [apiv2][query] GET https://cloudfunctions.googleapis.com/v1/operations/Y28tbmV4dC91cy1jZW50cmFsMS9uZXh0U2VydmVyL3lXZU44Q3dIQ3ZJ [none]
[debug] [2021-09-14T10:24:41.741Z] <<< [apiv2][status] GET https://cloudfunctions.googleapis.com/v1/operations/Y28tbmV4dC91cy1jZW50cmFsMS9uZXh0U2VydmVyL3lXZU44Q3dIQ3ZJ 200
[debug] [2021-09-14T10:24:41.741Z] <<< [apiv2][body] GET https://cloudfunctions.googleapis.com/v1/operations/Y28tbmV4dC91cy1jZW50cmFsMS9uZXh0U2VydmVyL3lXZU44Q3dIQ3ZJ {"name":"operations/Y28tbmV4dC91cy1jZW50cmFsMS9uZXh0U2VydmVyL3lXZU44Q3dIQ3ZJ","metadata":{"@type":"type.googleapis.com/google.cloud.functions.v1.OperationMetadataV1","target":"projects/co-next/locations/us-central1/functions/nextServer","type":"UPDATE_FUNCTION","request":{"@type":"type.googleapis.com/google.cloud.functions.v1.CloudFunction","name":"projects/co-next/locations/us-central1/functions/nextServer","httpsTrigger":{"url":"https://us-central1-co-next.cloudfunctions.net/nextServer","securityLevel":"SECURE_OPTIONAL"},"status":"ACTIVE","entryPoint":"nextServer","timeout":"60s","availableMemoryMb":256,"serviceAccountEmail":"co-next@appspot.gserviceaccount.com","updateTime":"2021-09-14T06:11:59.940Z","versionId":"12","labels":{"deployment-tool":"cli-firebase"},"sourceUploadUrl":"https://storage.googleapis.com/gcf-upload-us-central1-77d5cd8c-5752-4260-aaae-674652e7edf9/19080a05-a10e-4466-8505-5a50d1009a69.zip?GoogleAccessId=service-751020119455@gcf-admin-robot.iam.gserviceaccount.com&Expires=1631616862&Signature=kw7p2mlBsOCf4dmH9SwIzLWNj5QTwCC1V8rXisrNX0%2Ftu7Y6CpF4eL0v00gVJaMsvvthjPhlxSwxAyJQewvam0olj%2FG5zx13NZOECIjcpO4K%2Fnf%2BN8uuc5D%2Fw8Uq3DrNfS2JP4rWNRpdXUrEx%2FlfGPD6UPbsVhhYKIRIqzPBhcQ8GdKxDmAz7Vg1UOfxnpyf9TijfuYLgt3abVXNGARVtjLDfnSaY0Mv%2BJgxM2BE8CAH2LAHv1TaG%2FHYMFxkTjkGCYF6RdYcVL6FMxGoDFL05YDweHEfQz%2FGICaVMLktrYFIW9OQGLcGsfRNgvrPnPw%2BvlkEc396Us7LytQHDUfrpg%3D%3D","environmentVariables":{"FIREBASE_CONFIG":"{\"projectId\":\"co-next\",\"storageBucket\":\"co-next.appspot.com\"}","GCLOUD_PROJECT":"co-next"},"runtime":"nodejs14","ingressSettings":"ALLOW_ALL","buildId":"6fdc7515-24f0-4a4a-817e-620cb5eb66d8","buildName":"projects/751020119455/locations/us-central1/builds/6fdc7515-24f0-4a4a-817e-620cb5eb66d8"},"versionId":"13","updateTime":"2021-09-14T10:24:31Z","buildId":"5a351db3-1384-4d81-944b-d7c16bd2f894","buildName":"projects/751020119455/locations/us-central1/builds/5a351db3-1384-4d81-944b-d7c16bd2f894"}}
[debug] [2021-09-14T10:24:49.747Z] [update-projects/co-next/locations/us-central1/functions/nextServer] Retrying task index 0
[debug] [2021-09-14T10:24:49.747Z] >>> [apiv2][query] GET https://cloudfunctions.googleapis.com/v1/operations/Y28tbmV4dC91cy1jZW50cmFsMS9uZXh0U2VydmVyL3lXZU44Q3dIQ3ZJ [none]
[debug] [2021-09-14T10:24:50.294Z] <<< [apiv2][status] GET https://cloudfunctions.googleapis.com/v1/operations/Y28tbmV4dC91cy1jZW50cmFsMS9uZXh0U2VydmVyL3lXZU44Q3dIQ3ZJ 200
[debug] [2021-09-14T10:24:50.295Z] <<< [apiv2][body] GET https://cloudfunctions.googleapis.com/v1/operations/Y28tbmV4dC91cy1jZW50cmFsMS9uZXh0U2VydmVyL3lXZU44Q3dIQ3ZJ {"name":"operations/Y28tbmV4dC91cy1jZW50cmFsMS9uZXh0U2VydmVyL3lXZU44Q3dIQ3ZJ","metadata":{"@type":"type.googleapis.com/google.cloud.functions.v1.OperationMetadataV1","target":"projects/co-next/locations/us-central1/functions/nextServer","type":"UPDATE_FUNCTION","request":{"@type":"type.googleapis.com/google.cloud.functions.v1.CloudFunction","name":"projects/co-next/locations/us-central1/functions/nextServer","httpsTrigger":{"url":"https://us-central1-co-next.cloudfunctions.net/nextServer","securityLevel":"SECURE_OPTIONAL"},"status":"ACTIVE","entryPoint":"nextServer","timeout":"60s","availableMemoryMb":256,"serviceAccountEmail":"co-next@appspot.gserviceaccount.com","updateTime":"2021-09-14T06:11:59.940Z","versionId":"12","labels":{"deployment-tool":"cli-firebase"},"sourceUploadUrl":"https://storage.googleapis.com/gcf-upload-us-central1-77d5cd8c-5752-4260-aaae-674652e7edf9/19080a05-a10e-4466-8505-5a50d1009a69.zip?GoogleAccessId=service-751020119455@gcf-admin-robot.iam.gserviceaccount.com&Expires=1631616862&Signature=kw7p2mlBsOCf4dmH9SwIzLWNj5QTwCC1V8rXisrNX0%2Ftu7Y6CpF4eL0v00gVJaMsvvthjPhlxSwxAyJQewvam0olj%2FG5zx13NZOECIjcpO4K%2Fnf%2BN8uuc5D%2Fw8Uq3DrNfS2JP4rWNRpdXUrEx%2FlfGPD6UPbsVhhYKIRIqzPBhcQ8GdKxDmAz7Vg1UOfxnpyf9TijfuYLgt3abVXNGARVtjLDfnSaY0Mv%2BJgxM2BE8CAH2LAHv1TaG%2FHYMFxkTjkGCYF6RdYcVL6FMxGoDFL05YDweHEfQz%2FGICaVMLktrYFIW9OQGLcGsfRNgvrPnPw%2BvlkEc396Us7LytQHDUfrpg%3D%3D","environmentVariables":{"FIREBASE_CONFIG":"{\"projectId\":\"co-next\",\"storageBucket\":\"co-next.appspot.com\"}","GCLOUD_PROJECT":"co-next"},"runtime":"nodejs14","ingressSettings":"ALLOW_ALL","buildId":"6fdc7515-24f0-4a4a-817e-620cb5eb66d8","buildName":"projects/751020119455/locations/us-central1/builds/6fdc7515-24f0-4a4a-817e-620cb5eb66d8"},"versionId":"13","updateTime":"2021-09-14T10:24:31Z","buildId":"5a351db3-1384-4d81-944b-d7c16bd2f894","buildName":"projects/751020119455/locations/us-central1/builds/5a351db3-1384-4d81-944b-d7c16bd2f894"}}
[debug] [2021-09-14T10:25:06.300Z] [update-projects/co-next/locations/us-central1/functions/nextServer] Retrying task index 0
[debug] [2021-09-14T10:25:06.301Z] >>> [apiv2][query] GET https://cloudfunctions.googleapis.com/v1/operations/Y28tbmV4dC91cy1jZW50cmFsMS9uZXh0U2VydmVyL3lXZU44Q3dIQ3ZJ [none]
[debug] [2021-09-14T10:25:06.890Z] <<< [apiv2][status] GET https://cloudfunctions.googleapis.com/v1/operations/Y28tbmV4dC91cy1jZW50cmFsMS9uZXh0U2VydmVyL3lXZU44Q3dIQ3ZJ 200
[debug] [2021-09-14T10:25:06.890Z] <<< [apiv2][body] GET https://cloudfunctions.googleapis.com/v1/operations/Y28tbmV4dC91cy1jZW50cmFsMS9uZXh0U2VydmVyL3lXZU44Q3dIQ3ZJ {"name":"operations/Y28tbmV4dC91cy1jZW50cmFsMS9uZXh0U2VydmVyL3lXZU44Q3dIQ3ZJ","metadata":{"@type":"type.googleapis.com/google.cloud.functions.v1.OperationMetadataV1","target":"projects/co-next/locations/us-central1/functions/nextServer","type":"UPDATE_FUNCTION","request":{"@type":"type.googleapis.com/google.cloud.functions.v1.CloudFunction","name":"projects/co-next/locations/us-central1/functions/nextServer","httpsTrigger":{"url":"https://us-central1-co-next.cloudfunctions.net/nextServer","securityLevel":"SECURE_OPTIONAL"},"status":"ACTIVE","entryPoint":"nextServer","timeout":"60s","availableMemoryMb":256,"serviceAccountEmail":"co-next@appspot.gserviceaccount.com","updateTime":"2021-09-14T06:11:59.940Z","versionId":"12","labels":{"deployment-tool":"cli-firebase"},"sourceUploadUrl":"https://storage.googleapis.com/gcf-upload-us-central1-77d5cd8c-5752-4260-aaae-674652e7edf9/19080a05-a10e-4466-8505-5a50d1009a69.zip?GoogleAccessId=service-751020119455@gcf-admin-robot.iam.gserviceaccount.com&Expires=1631616862&Signature=kw7p2mlBsOCf4dmH9SwIzLWNj5QTwCC1V8rXisrNX0%2Ftu7Y6CpF4eL0v00gVJaMsvvthjPhlxSwxAyJQewvam0olj%2FG5zx13NZOECIjcpO4K%2Fnf%2BN8uuc5D%2Fw8Uq3DrNfS2JP4rWNRpdXUrEx%2FlfGPD6UPbsVhhYKIRIqzPBhcQ8GdKxDmAz7Vg1UOfxnpyf9TijfuYLgt3abVXNGARVtjLDfnSaY0Mv%2BJgxM2BE8CAH2LAHv1TaG%2FHYMFxkTjkGCYF6RdYcVL6FMxGoDFL05YDweHEfQz%2FGICaVMLktrYFIW9OQGLcGsfRNgvrPnPw%2BvlkEc396Us7LytQHDUfrpg%3D%3D","environmentVariables":{"FIREBASE_CONFIG":"{\"projectId\":\"co-next\",\"storageBucket\":\"co-next.appspot.com\"}","GCLOUD_PROJECT":"co-next"},"runtime":"nodejs14","ingressSettings":"ALLOW_ALL","buildId":"6fdc7515-24f0-4a4a-817e-620cb5eb66d8","buildName":"projects/751020119455/locations/us-central1/builds/6fdc7515-24f0-4a4a-817e-620cb5eb66d8"},"versionId":"13","updateTime":"2021-09-14T10:24:31Z","buildId":"5a351db3-1384-4d81-944b-d7c16bd2f894","buildName":"projects/751020119455/locations/us-central1/builds/5a351db3-1384-4d81-944b-d7c16bd2f894"}}
[debug] [2021-09-14T10:25:38.895Z] [update-projects/co-next/locations/us-central1/functions/nextServer] Retrying task index 0
[debug] [2021-09-14T10:25:38.895Z] >>> [apiv2][query] GET https://cloudfunctions.googleapis.com/v1/operations/Y28tbmV4dC91cy1jZW50cmFsMS9uZXh0U2VydmVyL3lXZU44Q3dIQ3ZJ [none]
[debug] [2021-09-14T10:25:39.447Z] <<< [apiv2][status] GET https://cloudfunctions.googleapis.com/v1/operations/Y28tbmV4dC91cy1jZW50cmFsMS9uZXh0U2VydmVyL3lXZU44Q3dIQ3ZJ 200
[debug] [2021-09-14T10:25:39.447Z] <<< [apiv2][body] GET https://cloudfunctions.googleapis.com/v1/operations/Y28tbmV4dC91cy1jZW50cmFsMS9uZXh0U2VydmVyL3lXZU44Q3dIQ3ZJ {"name":"operations/Y28tbmV4dC91cy1jZW50cmFsMS9uZXh0U2VydmVyL3lXZU44Q3dIQ3ZJ","metadata":{"@type":"type.googleapis.com/google.cloud.functions.v1.OperationMetadataV1","target":"projects/co-next/locations/us-central1/functions/nextServer","type":"UPDATE_FUNCTION","request":{"@type":"type.googleapis.com/google.cloud.functions.v1.CloudFunction","name":"projects/co-next/locations/us-central1/functions/nextServer","httpsTrigger":{"url":"https://us-central1-co-next.cloudfunctions.net/nextServer","securityLevel":"SECURE_OPTIONAL"},"status":"ACTIVE","entryPoint":"nextServer","timeout":"60s","availableMemoryMb":256,"serviceAccountEmail":"co-next@appspot.gserviceaccount.com","updateTime":"2021-09-14T06:11:59.940Z","versionId":"12","labels":{"deployment-tool":"cli-firebase"},"sourceUploadUrl":"https://storage.googleapis.com/gcf-upload-us-central1-77d5cd8c-5752-4260-aaae-674652e7edf9/19080a05-a10e-4466-8505-5a50d1009a69.zip?GoogleAccessId=service-751020119455@gcf-admin-robot.iam.gserviceaccount.com&Expires=1631616862&Signature=kw7p2mlBsOCf4dmH9SwIzLWNj5QTwCC1V8rXisrNX0%2Ftu7Y6CpF4eL0v00gVJaMsvvthjPhlxSwxAyJQewvam0olj%2FG5zx13NZOECIjcpO4K%2Fnf%2BN8uuc5D%2Fw8Uq3DrNfS2JP4rWNRpdXUrEx%2FlfGPD6UPbsVhhYKIRIqzPBhcQ8GdKxDmAz7Vg1UOfxnpyf9TijfuYLgt3abVXNGARVtjLDfnSaY0Mv%2BJgxM2BE8CAH2LAHv1TaG%2FHYMFxkTjkGCYF6RdYcVL6FMxGoDFL05YDweHEfQz%2FGICaVMLktrYFIW9OQGLcGsfRNgvrPnPw%2BvlkEc396Us7LytQHDUfrpg%3D%3D","environmentVariables":{"FIREBASE_CONFIG":"{\"projectId\":\"co-next\",\"storageBucket\":\"co-next.appspot.com\"}","GCLOUD_PROJECT":"co-next"},"runtime":"nodejs14","ingressSettings":"ALLOW_ALL","buildId":"6fdc7515-24f0-4a4a-817e-620cb5eb66d8","buildName":"projects/751020119455/locations/us-central1/builds/6fdc7515-24f0-4a4a-817e-620cb5eb66d8"},"versionId":"13","updateTime":"2021-09-14T10:24:31Z","buildId":"5a351db3-1384-4d81-944b-d7c16bd2f894","buildName":"projects/751020119455/locations/us-central1/builds/5a351db3-1384-4d81-944b-d7c16bd2f894"}}
[debug] [2021-09-14T10:26:39.541Z] [update-projects/co-next/locations/us-central1/functions/nextServer] Retrying task index 0
[debug] [2021-09-14T10:26:39.542Z] >>> [apiv2][query] GET https://cloudfunctions.googleapis.com/v1/operations/Y28tbmV4dC91cy1jZW50cmFsMS9uZXh0U2VydmVyL3lXZU44Q3dIQ3ZJ [none]
[debug] [2021-09-14T10:26:40.020Z] <<< [apiv2][status] GET https://cloudfunctions.googleapis.com/v1/operations/Y28tbmV4dC91cy1jZW50cmFsMS9uZXh0U2VydmVyL3lXZU44Q3dIQ3ZJ 200
[debug] [2021-09-14T10:26:40.020Z] <<< [apiv2][body] GET https://cloudfunctions.googleapis.com/v1/operations/Y28tbmV4dC91cy1jZW50cmFsMS9uZXh0U2VydmVyL3lXZU44Q3dIQ3ZJ {"name":"operations/Y28tbmV4dC91cy1jZW50cmFsMS9uZXh0U2VydmVyL3lXZU44Q3dIQ3ZJ","metadata":{"@type":"type.googleapis.com/google.cloud.functions.v1.OperationMetadataV1","target":"projects/co-next/locations/us-central1/functions/nextServer","type":"UPDATE_FUNCTION","request":{"@type":"type.googleapis.com/google.cloud.functions.v1.CloudFunction","name":"projects/co-next/locations/us-central1/functions/nextServer","httpsTrigger":{"url":"https://us-central1-co-next.cloudfunctions.net/nextServer","securityLevel":"SECURE_OPTIONAL"},"status":"ACTIVE","entryPoint":"nextServer","timeout":"60s","availableMemoryMb":256,"serviceAccountEmail":"co-next@appspot.gserviceaccount.com","updateTime":"2021-09-14T06:11:59.940Z","versionId":"12","labels":{"deployment-tool":"cli-firebase"},"sourceUploadUrl":"https://storage.googleapis.com/gcf-upload-us-central1-77d5cd8c-5752-4260-aaae-674652e7edf9/19080a05-a10e-4466-8505-5a50d1009a69.zip?GoogleAccessId=service-751020119455@gcf-admin-robot.iam.gserviceaccount.com&Expires=1631616862&Signature=kw7p2mlBsOCf4dmH9SwIzLWNj5QTwCC1V8rXisrNX0%2Ftu7Y6CpF4eL0v00gVJaMsvvthjPhlxSwxAyJQewvam0olj%2FG5zx13NZOECIjcpO4K%2Fnf%2BN8uuc5D%2Fw8Uq3DrNfS2JP4rWNRpdXUrEx%2FlfGPD6UPbsVhhYKIRIqzPBhcQ8GdKxDmAz7Vg1UOfxnpyf9TijfuYLgt3abVXNGARVtjLDfnSaY0Mv%2BJgxM2BE8CAH2LAHv1TaG%2FHYMFxkTjkGCYF6RdYcVL6FMxGoDFL05YDweHEfQz%2FGICaVMLktrYFIW9OQGLcGsfRNgvrPnPw%2BvlkEc396Us7LytQHDUfrpg%3D%3D","environmentVariables":{"FIREBASE_CONFIG":"{\"projectId\":\"co-next\",\"storageBucket\":\"co-next.appspot.com\"}","GCLOUD_PROJECT":"co-next"},"runtime":"nodejs14","ingressSettings":"ALLOW_ALL","buildId":"6fdc7515-24f0-4a4a-817e-620cb5eb66d8","buildName":"projects/751020119455/locations/us-central1/builds/6fdc7515-24f0-4a4a-817e-620cb5eb66d8"},"versionId":"13","updateTime":"2021-09-14T10:24:31Z","buildId":"5a351db3-1384-4d81-944b-d7c16bd2f894","sourceToken":"7762126c-8c77-4de0-ab1c-bc8d1f31f033","buildName":"projects/751020119455/locations/us-central1/builds/5a351db3-1384-4d81-944b-d7c16bd2f894"}}
[debug] [2021-09-14T10:26:40.020Z] Got sourceToken 7762126c-8c77-4de0-ab1c-bc8d1f31f033 for region us-central1
[debug] [2021-09-14T10:27:40.022Z] [update-projects/co-next/locations/us-central1/functions/nextServer] Retrying task index 0
[debug] [2021-09-14T10:27:40.022Z] >>> [apiv2][query] GET https://cloudfunctions.googleapis.com/v1/operations/Y28tbmV4dC91cy1jZW50cmFsMS9uZXh0U2VydmVyL3lXZU44Q3dIQ3ZJ [none]
[debug] [2021-09-14T10:27:40.676Z] <<< [apiv2][status] GET https://cloudfunctions.googleapis.com/v1/operations/Y28tbmV4dC91cy1jZW50cmFsMS9uZXh0U2VydmVyL3lXZU44Q3dIQ3ZJ 200
